Build started 04.03.2016 22:46:21.
     1>Project "C:\Users\Ondřej Povolný\Desktop\VUT\BPC2E\Cvičení - programy\Visual Studio Projekty\BPC2E_C04A\BPC2E_C04A\BPC2E_C04A.vcxproj" on node 2 (build target(s)).
     1>InitializeBuildStatus:
         Touching "Debug\BPC2E_C04A.unsuccessfulbuild".
       GenerateTargetFrameworkMonikerAttribute:
       Skipping target "GenerateTargetFrameworkMonikerAttribute" because all output files are up-to-date with respect to the input files.
       ClCompile:
         All outputs are up-to-date.
         C:\Program Files (x86)\Microsoft Visual Studio 10.0\VC\bin\CL.exe /c /AI"C:\Program Files (x86)\Reference Assemblies\Microsoft\Framework\.NETFramework\v4.0" /Zi /clr:pure /nologo /W3 /WX- /Od /Oy- /D WIN32 /D _DEBUG /D _UNICODE /D UNICODE /EHa /MDd /GS /fp:precise /Zc:wchar_t /Zc:forScope /Yu"StdAfx.h" /Fp"Debug\BPC2E_C04A.pch" /Fo"Debug\\" /Fd"Debug\vc100.pdb" /TP /FU"C:\Program Files (x86)\Reference Assemblies\Microsoft\Framework\.NETFramework\v4.0\System.Core.dll" /FU"C:\Program Files (x86)\Reference Assemblies\Microsoft\Framework\.NETFramework\v4.0\System.Data.dll" /FU"C:\Program Files (x86)\Reference Assemblies\Microsoft\Framework\.NETFramework\v4.0\System.dll" /FU"C:\Program Files (x86)\Reference Assemblies\Microsoft\Framework\.NETFramework\v4.0\System.Drawing.dll" /FU"C:\Program Files (x86)\Reference Assemblies\Microsoft\Framework\.NETFramework\v4.0\System.Windows.Forms.dll" /FU"C:\Program Files (x86)\Reference Assemblies\Microsoft\Framework\.NETFramework\v4.0\System.Xml.dll" /analyze- /errorReport:prompt BPC2E_C04A.cpp /clr:nostdlib 
         BPC2E_C04A.cpp
         C:\Program Files (x86)\Microsoft Visual Studio 10.0\VC\bin\CL.exe /c /Zi /clr:pure /nologo /W3 /WX- /Od /Oy- /D WIN32 /D _DEBUG /D _UNICODE /D UNICODE /EHa /MDd /GS /fp:precise /Zc:wchar_t /Zc:forScope /Fo"Debug\\" /Fd"Debug\vc100.pdb" /TP /analyze- /errorReport:prompt "C:\Users\Ondřej Povolný\AppData\Local\Temp\.NETFramework,Version=v4.0.AssemblyAttributes.cpp"
         .NETFramework,Version=v4.0.AssemblyAttributes.cpp
       CoreResGen:
         "C:\Program Files (x86)\Microsoft SDKs\Windows\v7.0A\bin\NETFX 4.0 Tools\resgen.exe" /useSourcePath /r:"C:\Program Files (x86)\Reference Assemblies\Microsoft\Framework\.NETFramework\v4.0\System.Core.dll" /r:"C:\Program Files (x86)\Reference Assemblies\Microsoft\Framework\.NETFramework\v4.0\System.Data.dll" /r:"C:\Program Files (x86)\Reference Assemblies\Microsoft\Framework\.NETFramework\v4.0\System.dll" /r:"C:\Program Files (x86)\Reference Assemblies\Microsoft\Framework\.NETFramework\v4.0\System.Drawing.dll" /r:"C:\Program Files (x86)\Reference Assemblies\Microsoft\Framework\.NETFramework\v4.0\System.Windows.Forms.dll" /r:"C:\Program Files (x86)\Reference Assemblies\Microsoft\Framework\.NETFramework\v4.0\System.Xml.dll" /compile Form1.resX,Debug\BPC2E_C04A.Form1.resources
         Processing resource file "Form1.resX" into "Debug\BPC2E_C04A.Form1.resources".
       ResourceCompile:
         C:\Program Files (x86)\Microsoft SDKs\Windows\v7.0A\bin\rc.exe /D _UNICODE /D UNICODE /l"0x0409" /nologo /fo"Debug\app.res" app.rc 
       Link:
         C:\Program Files (x86)\Microsoft Visual Studio 10.0\VC\bin\link.exe /ERRORREPORT:PROMPT /OUT:"C:\Users\Ondřej Povolný\Desktop\VUT\BPC2E\Cvičení - programy\Visual Studio Projekty\BPC2E_C04A\Debug\BPC2E_C04A.exe" /INCREMENTAL /NOLOGO /ASSEMBLYRESOURCE:Debug\BPC2E_C04A.Form1.resources /MANIFEST /ManifestFile:"Debug\BPC2E_C04A.exe.intermediate.manifest" /MANIFESTUAC:"level='asInvoker' uiAccess='false'" /DEBUG /PDB:"C:\Users\Ondřej Povolný\Desktop\VUT\BPC2E\Cvičení - programy\Visual Studio Projekty\BPC2E_C04A\Debug\BPC2E_C04A.pdb" /ASSEMBLYDEBUG /SUBSYSTEM:WINDOWS /TLBID:1 /ENTRY:"main" /DYNAMICBASE /FIXED:NO /NXCOMPAT /MACHINE:X86 Debug\app.res
         Debug\AssemblyInfo.obj
         Debug\BPC2E_C04A.obj
         Debug\stdafx.obj
         "Debug\.NETFramework,Version=v4.0.AssemblyAttributes.obj"
         BPC2E_C04A.vcxproj -> C:\Users\Ondřej Povolný\Desktop\VUT\BPC2E\Cvičení - programy\Visual Studio Projekty\BPC2E_C04A\Debug\BPC2E_C04A.exe
       Manifest:
         C:\Program Files (x86)\Microsoft SDKs\Windows\v7.0A\bin\mt.exe /nologo /verbose /outputresource:"C:\Users\Ondřej Povolný\Desktop\VUT\BPC2E\Cvičení - programy\Visual Studio Projekty\BPC2E_C04A\Debug\BPC2E_C04A.exe;#1" /manifest Debug\BPC2E_C04A.exe.intermediate.manifest
       FinalizeBuildStatus:
         Deleting file "Debug\BPC2E_C04A.unsuccessfulbuild".
         Touching "Debug\BPC2E_C04A.lastbuildstate".
     1>Done Building Project "C:\Users\Ondřej Povolný\Desktop\VUT\BPC2E\Cvičení - programy\Visual Studio Projekty\BPC2E_C04A\BPC2E_C04A\BPC2E_C04A.vcxproj" (build target(s)).

Build succeeded.

Time Elapsed 00:00:07.31
